<?xml version="1.0" encoding="UTF-8"?>
<testng-results skipped="2" failed="0" ignored="2" total="5" passed="1">
  <reporter-output>
    <line>
      <![CDATA[Extent Report directory: C:\Users\PIIT_NYA\IdeaProjects\automation-march2017\Amazon\target\surefire-reports\html]]>
    </line>
    <line>
      <![CDATA[Epic: Metro EC:1,2 <a https://peoplentch.atlassian.net/browse/GREEN-7> GREEN-7 </a>]]>
    </line>
    <line>
      <![CDATA[Launch local browser Instance]]>
    </line>
    <line>
      <![CDATA[SearchPage: get Data From Excel File And Search]]>
    </line>
    <line>
      <![CDATA[ItemsToBeSearched: get Data From Excel File]]>
    </line>
    <line>
      <![CDATA[SearchPage: search For :   Salmon]]>
    </line>
    <line>
      <![CDATA[SearchPage: clear Search Input]]>
    </line>
    <line>
      <![CDATA[SearchPage: search For :   Laptop]]>
    </line>
    <line>
      <![CDATA[SearchPage: clear Search Input]]>
    </line>
    <line>
      <![CDATA[SearchPage: search For :   Honey]]>
    </line>
    <line>
      <![CDATA[SearchPage: clear Search Input]]>
    </line>
    <line>
      <![CDATA[SearchPage: search For :   i Phone]]>
    </line>
    <line>
      <![CDATA[SearchPage: clear Search Input]]>
    </line>
    <line>
      <![CDATA[SearchPage: search For :   Books]]>
    </line>
    <line>
      <![CDATA[SearchPage: clear Search Input]]>
    </line>
    <line>
      <![CDATA[SearchPage: search For :   Selenium]]>
    </line>
    <line>
      <![CDATA[SearchPage: clear Search Input]]>
    </line>
    <line>
      <![CDATA[SearchPage: search For :   Lemon]]>
    </line>
    <line>
      <![CDATA[SearchPage: clear Search Input]]>
    </line>
    <line>
      <![CDATA[SearchPage: search For :   Tea]]>
    </line>
    <line>
      <![CDATA[SearchPage: clear Search Input]]>
    </line>
    <line>
      <![CDATA[SearchPage: search For :   Wine]]>
    </line>
    <line>
      <![CDATA[SearchPage: clear Search Input]]>
    </line>
  </reporter-output>
  <suite name="Amazon" duration-ms="31131" started-at="2017-05-14T18:45:09Z" finished-at="2017-05-14T18:45:40Z">
    <groups>
    </groups>
    <test name="Amazon Home" duration-ms="31131" started-at="2017-05-14T18:45:09Z" finished-at="2017-05-14T18:45:40Z">
      <class name="searchitems.SearchItems">
        <test-method status="PASS" signature="extentSetup(org.testng.ITestContext)[pri:0, instance:searchitems.SearchItems@90f6bfd]" name="extentSetup" is-config="true" duration-ms="281" started-at="2017-05-14T14:45:08Z" finished-at="2017-05-14T14:45:09Z">
          <params>
            <param index="0">
              <value>
                <![CDATA[org.testng.TestRunner@31206beb]]>
              </value>
            </param>
          </params>
          <reporter-output>
            <line>
              <![CDATA[Extent Report directory: C:\Users\PIIT_NYA\IdeaProjects\automation-march2017\Amazon\target\surefire-reports\html]]>
            </line>
          </reporter-output>
        </test-method> <!-- extentSetup -->
        <test-method status="PASS" signature="setUp(boolean, java.lang.String, java.lang.String, java.lang.String, java.lang.String, java.lang.String, java.lang.String)[pri:0, instance:searchitems.SearchItems@90f6bfd]" name="setUp" is-config="true" duration-ms="7150" started-at="2017-05-14T14:45:09Z" finished-at="2017-05-14T14:45:16Z">
          <params>
            <param index="0">
              <value>
                <![CDATA[false]]>
              </value>
            </param>
            <param index="1">
              <value>
                <![CDATA[browserstack]]>
              </value>
            </param>
            <param index="2">
              <value>
                <![CDATA[Windows]]>
              </value>
            </param>
            <param index="3">
              <value>
                <![CDATA[10]]>
              </value>
            </param>
            <param index="4">
              <value>
                <![CDATA[firefox]]>
              </value>
            </param>
            <param index="5">
              <value>
                <![CDATA[53.0]]>
              </value>
            </param>
            <param index="6">
              <value>
                <![CDATA[http://amazon.com]]>
              </value>
            </param>
          </params>
          <reporter-output>
          </reporter-output>
        </test-method> <!-- setUp -->
        <test-method status="PASS" signature="startExtent(java.lang.reflect.Method)[pri:0, instance:searchitems.SearchItems@90f6bfd]" name="startExtent" is-config="true" duration-ms="4" started-at="2017-05-14T14:45:16Z" finished-at="2017-05-14T14:45:16Z">
          <params>
            <param index="0">
              <value>
                <![CDATA[public void searchitems.SearchItems.search() throws java.io.IOException,java.lang.InterruptedException]]>
              </value>
            </param>
          </params>
          <reporter-output>
          </reporter-output>
        </test-method> <!-- startExtent -->
        <test-method status="PASS" signature="search()[pri:0, instance:searchitems.SearchItems@90f6bfd]" name="search" duration-ms="22953" started-at="2017-05-14T14:45:16Z" finished-at="2017-05-14T14:45:39Z">
          <reporter-output>
            <line>
              <![CDATA[Epic: Metro EC:1,2 <a https://peoplentch.atlassian.net/browse/GREEN-7> GREEN-7 </a>]]>
            </line>
            <line>
              <![CDATA[Launch local browser Instance]]>
            </line>
            <line>
              <![CDATA[SearchPage: get Data From Excel File And Search]]>
            </line>
            <line>
              <![CDATA[ItemsToBeSearched: get Data From Excel File]]>
            </line>
            <line>
              <![CDATA[SearchPage: search For :   Salmon]]>
            </line>
            <line>
              <![CDATA[SearchPage: clear Search Input]]>
            </line>
            <line>
              <![CDATA[SearchPage: search For :   Laptop]]>
            </line>
            <line>
              <![CDATA[SearchPage: clear Search Input]]>
            </line>
            <line>
              <![CDATA[SearchPage: search For :   Honey]]>
            </line>
            <line>
              <![CDATA[SearchPage: clear Search Input]]>
            </line>
            <line>
              <![CDATA[SearchPage: search For :   i Phone]]>
            </line>
            <line>
              <![CDATA[SearchPage: clear Search Input]]>
            </line>
            <line>
              <![CDATA[SearchPage: search For :   Books]]>
            </line>
            <line>
              <![CDATA[SearchPage: clear Search Input]]>
            </line>
            <line>
              <![CDATA[SearchPage: search For :   Selenium]]>
            </line>
            <line>
              <![CDATA[SearchPage: clear Search Input]]>
            </line>
            <line>
              <![CDATA[SearchPage: search For :   Lemon]]>
            </line>
            <line>
              <![CDATA[SearchPage: clear Search Input]]>
            </line>
            <line>
              <![CDATA[SearchPage: search For :   Tea]]>
            </line>
            <line>
              <![CDATA[SearchPage: clear Search Input]]>
            </line>
            <line>
              <![CDATA[SearchPage: search For :   Wine]]>
            </line>
            <line>
              <![CDATA[SearchPage: clear Search Input]]>
            </line>
          </reporter-output>
        </test-method> <!-- search -->
        <test-method status="PASS" signature="afterEachTestMethod(org.testng.ITestResult)[pri:0, instance:searchitems.SearchItems@90f6bfd]" name="afterEachTestMethod" is-config="true" duration-ms="1007" started-at="2017-05-14T14:45:39Z" finished-at="2017-05-14T14:45:40Z">
          <params>
            <param index="0">
              <value>
                <![CDATA[[TestResult name=search status=SUCCESS method=SearchItems.search()[pri:0, instance:searchitems.SearchItems@90f6bfd] output=Epic: Metro EC:1,2 <a https://peoplentch.atlassian.net/browse/GREEN-7> GREEN-7 </a>]]]>
              </value>
            </param>
          </params>
          <reporter-output>
          </reporter-output>
        </test-method> <!-- afterEachTestMethod -->
        <test-method status="PASS" signature="cleanUp()[pri:0, instance:searchitems.SearchItems@90f6bfd]" name="cleanUp" is-config="true" duration-ms="0" started-at="2017-05-14T14:45:40Z" finished-at="2017-05-14T14:45:40Z">
          <reporter-output>
          </reporter-output>
        </test-method> <!-- cleanUp -->
        <test-method status="PASS" signature="generateReport()[pri:0, instance:searchitems.SearchItems@90f6bfd]" name="generateReport" is-config="true" duration-ms="60" started-at="2017-05-14T14:45:40Z" finished-at="2017-05-14T14:45:40Z">
          <reporter-output>
          </reporter-output>
        </test-method> <!-- generateReport -->
      </class> <!-- searchitems.SearchItems -->
    </test> <!-- Amazon Home -->
  </suite> <!-- Amazon -->
  <suite name="Amazon (0)" duration-ms="25" started-at="2017-05-14T18:45:40Z" finished-at="2017-05-14T18:45:40Z">
    <groups>
    </groups>
    <test name="Amazon Home" duration-ms="25" started-at="2017-05-14T18:45:40Z" finished-at="2017-05-14T18:45:40Z">
      <class name="home.SearchItems">
        <test-method status="SKIP" signature="startExtent(java.lang.reflect.Method)[pri:0, instance:home.SearchItems@50f8360d]" name="startExtent" is-config="true" duration-ms="0" started-at="2017-05-14T14:45:40Z" finished-at="2017-05-14T14:45:40Z">
          <reporter-output>
          </reporter-output>
        </test-method> <!-- startExtent -->
        <test-method status="SKIP" signature="serach()[pri:0, instance:home.SearchItems@50f8360d]" name="serach" duration-ms="0" started-at="2017-05-14T14:45:40Z" finished-at="2017-05-14T14:45:40Z">
          <exception class="org.openqa.selenium.remote.UnreachableBrowserException">
            <message>
              <![CDATA[Could not start a new session. Possible causes are invalid address of the remote server or browser start-up failure.
Build info: version: '3.4.0', revision: 'unknown', time: 'unknown'
System info: host: 'PeopleNTech_NYA', ip: '10.11.11.31', os.name: 'Windows 10', os.arch: 'amd64', os.version: '10.0', java.version: '1.8.0_111'
Driver info: driver.version: RemoteWebDriver]]>
            </message>
            <full-stacktrace>
              <![CDATA[org.openqa.selenium.remote.UnreachableBrowserException: Could not start a new session. Possible causes are invalid address of the remote server or browser start-up failure.
Build info: version: '3.4.0', revision: 'unknown', time: 'unknown'
System info: host: 'PeopleNTech_NYA', ip: '10.11.11.31', os.name: 'Windows 10', os.arch: 'amd64', os.version: '10.0', java.version: '1.8.0_111'
Driver info: driver.version: RemoteWebDriver
	at org.openqa.selenium.remote.RemoteWebDriver.execute(RemoteWebDriver.java:658)
	at org.openqa.selenium.remote.RemoteWebDriver.startSession(RemoteWebDriver.java:250)
	at org.openqa.selenium.remote.RemoteWebDriver.startSession(RemoteWebDriver.java:236)
	at org.openqa.selenium.remote.RemoteWebDriver.<init>(RemoteWebDriver.java:137)
	at org.openqa.selenium.remote.RemoteWebDriver.<init>(RemoteWebDriver.java:174)
	at base.CommonAPI.getCloudDriver(CommonAPI.java:178)
	at base.CommonAPI.setUp(CommonAPI.java:115)
	at sun.reflect.NativeMethodAccessorImpl.invoke0(Native Method)
	at sun.reflect.NativeMethodAccessorImpl.invoke(NativeMethodAccessorImpl.java:62)
	at sun.reflect.DelegatingMethodAccessorImpl.invoke(DelegatingMethodAccessorImpl.java:43)
	at java.lang.reflect.Method.invoke(Method.java:498)
	at org.testng.internal.MethodInvocationHelper.invokeMethod(MethodInvocationHelper.java:108)
	at org.testng.internal.Invoker.invokeConfigurationMethod(Invoker.java:523)
	at org.testng.internal.Invoker.invokeConfigurations(Invoker.java:224)
	at org.testng.internal.Invoker.invokeMethod(Invoker.java:599)
	at org.testng.internal.Invoker.invokeTestMethod(Invoker.java:869)
	at org.testng.internal.Invoker.invokeTestMethods(Invoker.java:1193)
	at org.testng.internal.TestMethodWorker.invokeTestMethods(TestMethodWorker.java:126)
	at org.testng.internal.TestMethodWorker.run(TestMethodWorker.java:109)
	at org.testng.TestRunner.privateRun(TestRunner.java:744)
	at org.testng.TestRunner.run(TestRunner.java:602)
	at org.testng.SuiteRunner.runTest(SuiteRunner.java:380)
	at org.testng.SuiteRunner.access$000(SuiteRunner.java:39)
	at org.testng.SuiteRunner$SuiteWorker.run(SuiteRunner.java:414)
	at org.testng.internal.thread.ThreadUtil$1.call(ThreadUtil.java:52)
	at java.util.concurrent.FutureTask.run(FutureTask.java:266)
	at java.util.concurrent.ThreadPoolExecutor.runWorker(ThreadPoolExecutor.java:1142)
	at java.util.concurrent.ThreadPoolExecutor$Worker.run(ThreadPoolExecutor.java:617)
	at java.lang.Thread.run(Thread.java:745)
Caused by: java.lang.IllegalArgumentException: Illegal character in authority at index 7: http://your user name:your access key@hub-cloud.browserstack.com/wd/hub/session
	at java.net.URI.create(URI.java:852)
	at org.apache.http.client.methods.HttpPost.<init>(HttpPost.java:73)
	at org.openqa.selenium.remote.internal.ApacheHttpClient.createHttpUriRequest(ApacheHttpClient.java:131)
	at org.openqa.selenium.remote.internal.ApacheHttpClient.execute(ApacheHttpClient.java:73)
	at org.openqa.selenium.remote.ProtocolHandshake.createSession(ProtocolHandshake.java:343)
	at org.openqa.selenium.remote.ProtocolHandshake.createSession(ProtocolHandshake.java:159)
	at org.openqa.selenium.remote.HttpCommandExecutor.execute(HttpCommandExecutor.java:142)
	at org.openqa.selenium.remote.RemoteWebDriver.execute(RemoteWebDriver.java:637)
	... 28 more
Caused by: java.net.URISyntaxException: Illegal character in authority at index 7: http://your user name:your access key@hub-cloud.browserstack.com/wd/hub/session
	at java.net.URI$Parser.fail(URI.java:2848)
	at java.net.URI$Parser.parseAuthority(URI.java:3186)
	at java.net.URI$Parser.parseHierarchical(URI.java:3097)
	at java.net.URI$Parser.parse(URI.java:3053)
	at java.net.URI.<init>(URI.java:588)
	at java.net.URI.create(URI.java:850)
	... 35 more
]]>
            </full-stacktrace>
          </exception> <!-- org.openqa.selenium.remote.UnreachableBrowserException -->
          <reporter-output>
          </reporter-output>
        </test-method> <!-- serach -->
        <test-method status="SKIP" signature="setUp(boolean, java.lang.String, java.lang.String, java.lang.String, java.lang.String, java.lang.String, java.lang.String)[pri:0, instance:home.SearchItems@50f8360d]" name="setUp" is-config="true" duration-ms="0" started-at="2017-05-14T14:45:40Z" finished-at="2017-05-14T14:45:40Z">
          <reporter-output>
          </reporter-output>
        </test-method> <!-- setUp -->
      </class> <!-- home.SearchItems -->
      <class name="home.TestAmazonHome">
        <test-method status="PASS" signature="extentSetup(org.testng.ITestContext)[pri:0, instance:home.TestAmazonHome@61dc03ce]" name="extentSetup" is-config="true" duration-ms="1" started-at="2017-05-14T14:45:40Z" finished-at="2017-05-14T14:45:40Z">
          <params>
            <param index="0">
              <value>
                <![CDATA[org.testng.TestRunner@120d6fe6]]>
              </value>
            </param>
          </params>
          <reporter-output>
          </reporter-output>
        </test-method> <!-- extentSetup -->
        <test-method status="FAIL" signature="setUp(boolean, java.lang.String, java.lang.String, java.lang.String, java.lang.String, java.lang.String, java.lang.String)[pri:0, instance:home.TestAmazonHome@61dc03ce]" name="setUp" is-config="true" duration-ms="13" started-at="2017-05-14T14:45:40Z" finished-at="2017-05-14T14:45:40Z">
          <params>
            <param index="0">
              <value>
                <![CDATA[true]]>
              </value>
            </param>
            <param index="1">
              <value>
                <![CDATA[browserstack]]>
              </value>
            </param>
            <param index="2">
              <value>
                <![CDATA[OS X]]>
              </value>
            </param>
            <param index="3">
              <value>
                <![CDATA[Sierra]]>
              </value>
            </param>
            <param index="4">
              <value>
                <![CDATA[firefox]]>
              </value>
            </param>
            <param index="5">
              <value>
                <![CDATA[53.0]]>
              </value>
            </param>
            <param index="6">
              <value>
                <![CDATA[http://amazon.com]]>
              </value>
            </param>
          </params>
          <exception class="org.openqa.selenium.remote.UnreachableBrowserException">
            <message>
              <![CDATA[Could not start a new session. Possible causes are invalid address of the remote server or browser start-up failure.
Build info: version: '3.4.0', revision: 'unknown', time: 'unknown'
System info: host: 'PeopleNTech_NYA', ip: '10.11.11.31', os.name: 'Windows 10', os.arch: 'amd64', os.version: '10.0', java.version: '1.8.0_111'
Driver info: driver.version: RemoteWebDriver]]>
            </message>
            <full-stacktrace>
              <![CDATA[org.openqa.selenium.remote.UnreachableBrowserException: Could not start a new session. Possible causes are invalid address of the remote server or browser start-up failure.
Build info: version: '3.4.0', revision: 'unknown', time: 'unknown'
System info: host: 'PeopleNTech_NYA', ip: '10.11.11.31', os.name: 'Windows 10', os.arch: 'amd64', os.version: '10.0', java.version: '1.8.0_111'
Driver info: driver.version: RemoteWebDriver
	at org.openqa.selenium.remote.RemoteWebDriver.execute(RemoteWebDriver.java:658)
	at org.openqa.selenium.remote.RemoteWebDriver.startSession(RemoteWebDriver.java:250)
	at org.openqa.selenium.remote.RemoteWebDriver.startSession(RemoteWebDriver.java:236)
	at org.openqa.selenium.remote.RemoteWebDriver.<init>(RemoteWebDriver.java:137)
	at org.openqa.selenium.remote.RemoteWebDriver.<init>(RemoteWebDriver.java:174)
	at base.CommonAPI.getCloudDriver(CommonAPI.java:178)
	at base.CommonAPI.setUp(CommonAPI.java:115)
	at sun.reflect.NativeMethodAccessorImpl.invoke0(Native Method)
	at sun.reflect.NativeMethodAccessorImpl.invoke(NativeMethodAccessorImpl.java:62)
	at sun.reflect.DelegatingMethodAccessorImpl.invoke(DelegatingMethodAccessorImpl.java:43)
	at java.lang.reflect.Method.invoke(Method.java:498)
	at org.testng.internal.MethodInvocationHelper.invokeMethod(MethodInvocationHelper.java:108)
	at org.testng.internal.Invoker.invokeConfigurationMethod(Invoker.java:523)
	at org.testng.internal.Invoker.invokeConfigurations(Invoker.java:224)
	at org.testng.internal.Invoker.invokeMethod(Invoker.java:599)
	at org.testng.internal.Invoker.invokeTestMethod(Invoker.java:869)
	at org.testng.internal.Invoker.invokeTestMethods(Invoker.java:1193)
	at org.testng.internal.TestMethodWorker.invokeTestMethods(TestMethodWorker.java:126)
	at org.testng.internal.TestMethodWorker.run(TestMethodWorker.java:109)
	at org.testng.TestRunner.privateRun(TestRunner.java:744)
	at org.testng.TestRunner.run(TestRunner.java:602)
	at org.testng.SuiteRunner.runTest(SuiteRunner.java:380)
	at org.testng.SuiteRunner.access$000(SuiteRunner.java:39)
	at org.testng.SuiteRunner$SuiteWorker.run(SuiteRunner.java:414)
	at org.testng.internal.thread.ThreadUtil$1.call(ThreadUtil.java:52)
	at java.util.concurrent.FutureTask.run(FutureTask.java:266)
	at java.util.concurrent.ThreadPoolExecutor.runWorker(ThreadPoolExecutor.java:1142)
	at java.util.concurrent.ThreadPoolExecutor$Worker.run(ThreadPoolExecutor.java:617)
	at java.lang.Thread.run(Thread.java:745)
Caused by: java.lang.IllegalArgumentException: Illegal character in authority at index 7: http://your user name:your access key@hub-cloud.browserstack.com/wd/hub/session
	at java.net.URI.create(URI.java:852)
	at org.apache.http.client.methods.HttpPost.<init>(HttpPost.java:73)
	at org.openqa.selenium.remote.internal.ApacheHttpClient.createHttpUriRequest(ApacheHttpClient.java:131)
	at org.openqa.selenium.remote.internal.ApacheHttpClient.execute(ApacheHttpClient.java:73)
	at org.openqa.selenium.remote.ProtocolHandshake.createSession(ProtocolHandshake.java:343)
	at org.openqa.selenium.remote.ProtocolHandshake.createSession(ProtocolHandshake.java:159)
	at org.openqa.selenium.remote.HttpCommandExecutor.execute(HttpCommandExecutor.java:142)
	at org.openqa.selenium.remote.RemoteWebDriver.execute(RemoteWebDriver.java:637)
	... 28 more
Caused by: java.net.URISyntaxException: Illegal character in authority at index 7: http://your user name:your access key@hub-cloud.browserstack.com/wd/hub/session
	at java.net.URI$Parser.fail(URI.java:2848)
	at java.net.URI$Parser.parseAuthority(URI.java:3186)
	at java.net.URI$Parser.parseHierarchical(URI.java:3097)
	at java.net.URI$Parser.parse(URI.java:3053)
	at java.net.URI.<init>(URI.java:588)
	at java.net.URI.create(URI.java:850)
	... 35 more
]]>
            </full-stacktrace>
          </exception> <!-- org.openqa.selenium.remote.UnreachableBrowserException -->
          <reporter-output>
          </reporter-output>
        </test-method> <!-- setUp -->
        <test-method status="SKIP" signature="startExtent(java.lang.reflect.Method)[pri:0, instance:home.TestAmazonHome@61dc03ce]" name="startExtent" is-config="true" duration-ms="0" started-at="2017-05-14T14:45:40Z" finished-at="2017-05-14T14:45:40Z">
          <reporter-output>
          </reporter-output>
        </test-method> <!-- startExtent -->
        <test-method status="SKIP" signature="amazonTitle()[pri:0, instance:home.TestAmazonHome@61dc03ce]" name="amazonTitle" duration-ms="0" started-at="2017-05-14T14:45:40Z" finished-at="2017-05-14T14:45:40Z">
          <exception class="org.openqa.selenium.remote.UnreachableBrowserException">
            <message>
              <![CDATA[Could not start a new session. Possible causes are invalid address of the remote server or browser start-up failure.
Build info: version: '3.4.0', revision: 'unknown', time: 'unknown'
System info: host: 'PeopleNTech_NYA', ip: '10.11.11.31', os.name: 'Windows 10', os.arch: 'amd64', os.version: '10.0', java.version: '1.8.0_111'
Driver info: driver.version: RemoteWebDriver]]>
            </message>
            <full-stacktrace>
              <![CDATA[org.openqa.selenium.remote.UnreachableBrowserException: Could not start a new session. Possible causes are invalid address of the remote server or browser start-up failure.
Build info: version: '3.4.0', revision: 'unknown', time: 'unknown'
System info: host: 'PeopleNTech_NYA', ip: '10.11.11.31', os.name: 'Windows 10', os.arch: 'amd64', os.version: '10.0', java.version: '1.8.0_111'
Driver info: driver.version: RemoteWebDriver
	at org.openqa.selenium.remote.RemoteWebDriver.execute(RemoteWebDriver.java:658)
	at org.openqa.selenium.remote.RemoteWebDriver.startSession(RemoteWebDriver.java:250)
	at org.openqa.selenium.remote.RemoteWebDriver.startSession(RemoteWebDriver.java:236)
	at org.openqa.selenium.remote.RemoteWebDriver.<init>(RemoteWebDriver.java:137)
	at org.openqa.selenium.remote.RemoteWebDriver.<init>(RemoteWebDriver.java:174)
	at base.CommonAPI.getCloudDriver(CommonAPI.java:178)
	at base.CommonAPI.setUp(CommonAPI.java:115)
	at sun.reflect.NativeMethodAccessorImpl.invoke0(Native Method)
	at sun.reflect.NativeMethodAccessorImpl.invoke(NativeMethodAccessorImpl.java:62)
	at sun.reflect.DelegatingMethodAccessorImpl.invoke(DelegatingMethodAccessorImpl.java:43)
	at java.lang.reflect.Method.invoke(Method.java:498)
	at org.testng.internal.MethodInvocationHelper.invokeMethod(MethodInvocationHelper.java:108)
	at org.testng.internal.Invoker.invokeConfigurationMethod(Invoker.java:523)
	at org.testng.internal.Invoker.invokeConfigurations(Invoker.java:224)
	at org.testng.internal.Invoker.invokeMethod(Invoker.java:599)
	at org.testng.internal.Invoker.invokeTestMethod(Invoker.java:869)
	at org.testng.internal.Invoker.invokeTestMethods(Invoker.java:1193)
	at org.testng.internal.TestMethodWorker.invokeTestMethods(TestMethodWorker.java:126)
	at org.testng.internal.TestMethodWorker.run(TestMethodWorker.java:109)
	at org.testng.TestRunner.privateRun(TestRunner.java:744)
	at org.testng.TestRunner.run(TestRunner.java:602)
	at org.testng.SuiteRunner.runTest(SuiteRunner.java:380)
	at org.testng.SuiteRunner.access$000(SuiteRunner.java:39)
	at org.testng.SuiteRunner$SuiteWorker.run(SuiteRunner.java:414)
	at org.testng.internal.thread.ThreadUtil$1.call(ThreadUtil.java:52)
	at java.util.concurrent.FutureTask.run(FutureTask.java:266)
	at java.util.concurrent.ThreadPoolExecutor.runWorker(ThreadPoolExecutor.java:1142)
	at java.util.concurrent.ThreadPoolExecutor$Worker.run(ThreadPoolExecutor.java:617)
	at java.lang.Thread.run(Thread.java:745)
Caused by: java.lang.IllegalArgumentException: Illegal character in authority at index 7: http://your user name:your access key@hub-cloud.browserstack.com/wd/hub/session
	at java.net.URI.create(URI.java:852)
	at org.apache.http.client.methods.HttpPost.<init>(HttpPost.java:73)
	at org.openqa.selenium.remote.internal.ApacheHttpClient.createHttpUriRequest(ApacheHttpClient.java:131)
	at org.openqa.selenium.remote.internal.ApacheHttpClient.execute(ApacheHttpClient.java:73)
	at org.openqa.selenium.remote.ProtocolHandshake.createSession(ProtocolHandshake.java:343)
	at org.openqa.selenium.remote.ProtocolHandshake.createSession(ProtocolHandshake.java:159)
	at org.openqa.selenium.remote.HttpCommandExecutor.execute(HttpCommandExecutor.java:142)
	at org.openqa.selenium.remote.RemoteWebDriver.execute(RemoteWebDriver.java:637)
	... 28 more
Caused by: java.net.URISyntaxException: Illegal character in authority at index 7: http://your user name:your access key@hub-cloud.browserstack.com/wd/hub/session
	at java.net.URI$Parser.fail(URI.java:2848)
	at java.net.URI$Parser.parseAuthority(URI.java:3186)
	at java.net.URI$Parser.parseHierarchical(URI.java:3097)
	at java.net.URI$Parser.parse(URI.java:3053)
	at java.net.URI.<init>(URI.java:588)
	at java.net.URI.create(URI.java:850)
	... 35 more
]]>
            </full-stacktrace>
          </exception> <!-- org.openqa.selenium.remote.UnreachableBrowserException -->
          <reporter-output>
          </reporter-output>
        </test-method> <!-- amazonTitle -->
        <test-method status="SKIP" signature="generateReport()[pri:0, instance:home.TestAmazonHome@61dc03ce]" name="generateReport" is-config="true" duration-ms="0" started-at="2017-05-14T14:45:40Z" finished-at="2017-05-14T14:45:40Z">
          <reporter-output>
          </reporter-output>
        </test-method> <!-- generateReport -->
      </class> <!-- home.TestAmazonHome -->
    </test> <!-- Amazon Home -->
  </suite> <!-- Amazon (0) -->
</testng-results>
